<?xml version="1.0" encoding="UTF-8"?>
<!-- Generated by org.testng.reporters.JUnitReportReporter -->
<testsuite name="Test3" tests="1" time="0.004" ignored="0" failures="0" timestamp="14 Aug 2017 13:41:09 GMT" skipped="0" hostname="comp34" errors="0">
  <testcase name="Test4" time="0.004" classname="Test3"/>
</testsuite> <!-- Test3 -->
