<?xml version="1.0" encoding="UTF-8"?>
<!-- Generated by org.testng.reporters.JUnitReportReporter -->
<testsuite name="Test1" tests="1" time="0.005" ignored="0" failures="0" timestamp="14 Aug 2017 13:03:56 GMT" skipped="0" hostname="comp34" errors="0">
  <testcase name="TestFlipkart" time="0.005" classname="Test1"/>
</testsuite> <!-- Test1 -->
